=N:[UsageMeter (2025-09-10 12:27:36 Korea Standard Time)] usage server initial connection
=N:[License] 
Licensed for Altair DSim Cloud.
=N:[License] New lease granted.
Analyzing...
Elaborating...
  Top-level modules:
    $unit
    enable_led_01_tb
  Found 5 unique specialization(s) of 5 design element(s).
Optimizing...
Building models...
PLI/VPI access: +b 
Simulation time precision is 1ns.
  [1/5] module $root: 98 functions, 231 basic blocks
  [4/5] module enable_led_01_tb: 5 functions, 17 basic blocks
Linking image.so...
Using default typical min/typ/max.
=S:Begin run-time elaboration and static initialization...
=N:[dumpMXD] preparing MXD dump to 'results/waves/enable_led_01_tb_waves.mxd'.
=N:[dump] Dump started at time 0
=N:Starting event scheduler...
PASS: LED enabled.
=N:[dumpMXD] closing MXD dump
=T:Simulation terminated by $stop at time 100 (..\..\testbench\enable_led_01\enable_led_01_tb.sv:12);
Run directory: D:\Projects\RoadToDMG01\Projects\STP20KExploration\sim\dsim
  System timescale is 1ns / 1ns
  Altair DSim version: 2025.1.0 (b:R #c:449 h:df8da7d488 os:msys2_)
  Random seed: (defaulted to 1)
