=N:[UsageMeter (2025-09-10 17:13:16 Korea Standard Time)] usage server initial connection
=N:[License] 
Licensed for Altair DSim Cloud.
=N:[License] New lease granted.
Analyzing...
Elaborating...
  Top-level modules:
    $unit
    enable_leds_01_tb
  Found 5 unique specialization(s) of 5 design element(s).
Optimizing...
Building models...
PLI/VPI access: +b 
Simulation time precision is 10ps.
  [1/5] module $root: 98 functions, 231 basic blocks
  [4/5] module enable_leds_01_tb: 4 functions, 14 basic blocks
Linking image.so...
Using default typical min/typ/max.
=S:Begin run-time elaboration and static initialization...
=N:[dumpMXD] preparing MXD dump to 'results/waves/enable_leds_01_tb_waves.mxd'.
=N:[dump] Dump started at time 0
=N:Starting event scheduler...
PASS: LEDs enabled check passed. leds_n=000000
=N:[dumpMXD] closing MXD dump
=T:Event queue exhausted - terminating run.
Simulation statistics:
    End time: 1000 ticks
    Events processed: 5
      Fast events: 0
    Run time: 0.14 sec
    Garbage collections: 1
    Terminal heap size: 262144
    Total bytes allocated: 5184
  Altair DSim version: 2025.1.0 (b:R #c:449 h:df8da7d488 os:msys2_)
  Random seed: (defaulted to 1)
